0 info it worked if it ends with ok
1 verbose cli [ '/Users/yiminghe/.nvm/versions/node/v0.12.0/bin/node',
1 verbose cli   '/Users/yiminghe/.nvm/versions/node/v0.12.0/bin/npm',
1 verbose cli   'run',
1 verbose cli   'build' ]
2 info using npm@2.5.1
3 info using node@v0.12.0
4 verbose stack Error: ENOENT, open '/Users/yiminghe/code/my-lib/dom-align-gh-pages/package.json'
4 verbose stack     at Error (native)
5 verbose cwd /Users/yiminghe/code/my-lib/dom-align-gh-pages
6 error Darwin 14.3.0
7 error argv "/Users/yiminghe/.nvm/versions/node/v0.12.0/bin/node" "/Users/yiminghe/.nvm/versions/node/v0.12.0/bin/npm" "run" "build"
8 error node v0.12.0
9 error npm  v2.5.1
10 error path /Users/yiminghe/code/my-lib/dom-align-gh-pages/package.json
11 error code ENOENT
12 error errno -2
13 error enoent ENOENT, open '/Users/yiminghe/code/my-lib/dom-align-gh-pages/package.json'
13 error enoent This is most likely not a problem with npm itself
13 error enoent and is related to npm not being able to find a file.
14 verbose exit [ -2, true ]
